d:\первый сайт\c++\курсовые\бар\restaurant_bar\restaurant_bar\debug\vc142.pdb
d:\первый сайт\c++\курсовые\бар\restaurant_bar\restaurant_bar\debug\vc142.idb
d:\первый сайт\c++\курсовые\бар\restaurant_bar\restaurant_bar\debug\restaurant_bar.obj
d:\первый сайт\c++\курсовые\бар\restaurant_bar\restaurant_bar\debug\snack.obj
d:\первый сайт\c++\курсовые\бар\restaurant_bar\restaurant_bar\debug\menu.obj
d:\первый сайт\c++\курсовые\бар\restaurant_bar\restaurant_bar\debug\basket.obj
d:\первый сайт\c++\курсовые\бар\restaurant_bar\restaurant_bar\debug\drinks.obj
d:\первый сайт\c++\курсовые\бар\restaurant_bar\restaurant_bar\debug\cocktail.obj
d:\первый сайт\c++\курсовые\антон\бар\restaurant_bar\restaurant_bar\debug\vc142.pdb
d:\первый сайт\c++\курсовые\антон\бар\restaurant_bar\restaurant_bar\debug\vc142.idb
d:\первый сайт\c++\курсовые\антон\бар\restaurant_bar\restaurant_bar\debug\snack.obj
d:\первый сайт\c++\курсовые\антон\бар\restaurant_bar\restaurant_bar\debug\restaurant_bar.obj
d:\первый сайт\c++\курсовые\антон\бар\restaurant_bar\restaurant_bar\debug\menu.obj
d:\первый сайт\c++\курсовые\антон\бар\restaurant_bar\restaurant_bar\debug\drinks.obj
d:\первый сайт\c++\курсовые\антон\бар\restaurant_bar\restaurant_bar\debug\cocktail.obj
d:\первый сайт\c++\курсовые\антон\бар\restaurant_bar\restaurant_bar\debug\basket.obj
d:\первый сайт\c++\курсовые\бар\restaurant_bar\debug\restaurant_bar.exe
d:\первый сайт\c++\курсовые\бар\restaurant_bar\debug\restaurant_bar.ilk
d:\первый сайт\c++\курсовые\бар\restaurant_bar\debug\restaurant_bar.pdb
d:\первый сайт\c++\курсовые\антон\бар\restaurant_bar\debug\restaurant_bar.exe
d:\первый сайт\c++\курсовые\антон\бар\restaurant_bar\debug\restaurant_bar.ilk
d:\первый сайт\c++\курсовые\антон\бар\restaurant_bar\debug\restaurant_bar.pdb
d:\первый сайт\c++\курсовые\бар\restaurant_bar\restaurant_bar\debug\restaurant_bar.res
d:\первый сайт\c++\курсовые\антон\бар\restaurant_bar\restaurant_bar\debug\restaurant_bar.res
d:\первый сайт\c++\курсовые\антон\бар\restaurant_bar\restaurant_bar\debug\restaurant_bar.tlog\cl.command.1.tlog
d:\первый сайт\c++\курсовые\антон\бар\restaurant_bar\restaurant_bar\debug\restaurant_bar.tlog\cl.read.1.tlog
d:\первый сайт\c++\курсовые\антон\бар\restaurant_bar\restaurant_bar\debug\restaurant_bar.tlog\cl.write.1.tlog
d:\первый сайт\c++\курсовые\антон\бар\restaurant_bar\restaurant_bar\debug\restaurant_bar.tlog\link.command.1.tlog
d:\первый сайт\c++\курсовые\антон\бар\restaurant_bar\restaurant_bar\debug\restaurant_bar.tlog\link.read.1.tlog
d:\первый сайт\c++\курсовые\антон\бар\restaurant_bar\restaurant_bar\debug\restaurant_bar.tlog\link.write.1.tlog
d:\первый сайт\c++\курсовые\антон\бар\restaurant_bar\restaurant_bar\debug\restaurant_bar.tlog\rc.command.1.tlog
d:\первый сайт\c++\курсовые\антон\бар\restaurant_bar\restaurant_bar\debug\restaurant_bar.tlog\rc.read.1.tlog
d:\первый сайт\c++\курсовые\антон\бар\restaurant_bar\restaurant_bar\debug\restaurant_bar.tlog\rc.write.1.tlog
